2021-01-08 21:04:39,177 [Worker-1: Loading available Gradle versions] INFO  o.e.b.c.i.u.g.PublishedGradleVersions - Gradle version information cache is up-to-date. Trying to read.
2021-01-08 21:05:29,578 [Worker-13: Importing Maven projects] INFO  o.e.m.c.i.l.LifecycleMappingFactory - Using org.eclipse.m2e.jdt.JarLifecycleMapping lifecycle mapping for MavenProject: de.voidtech.gerald:BaristaGerald:0.0.1-SNAPSHOT @ C:\Users\Sebastian Beattie\Documents\HOME\Programming Projects\BaristaGerald\pom.xml.
2021-01-08 21:05:30,572 [Worker-13: Importing Maven projects] INFO  o.e.m.j.i.AbstractJavaProjectConfigurator - Adding source folder /BaristaGerald/src
2021-01-08 21:05:30,573 [Worker-13: Importing Maven projects] INFO  o.e.m.j.i.AbstractJavaProjectConfigurator - Not adding source folder /BaristaGerald/src/test/java because it overlaps with /BaristaGerald/src
2021-01-08 21:05:30,945 [Worker-13: Importing Maven projects] INFO  o.e.m.c.i.p.ProjectConfigurationManager - Imported and configured 1 project(s) in 4 sec
2021-01-08 21:05:35,722 [Worker-5: Building] WARN  o.e.m.c.i.embedder.EclipseLogger - Using platform encoding (Cp1252 actually) to copy filtered resources, i.e. build is platform dependent!
2021-01-08 21:05:35,788 [Worker-5: Building] INFO  o.e.m.c.i.embedder.EclipseLogger - skip non existing resourceDirectory C:\Users\Sebastian Beattie\Documents\HOME\Programming Projects\BaristaGerald\src\main\resources
2021-01-08 21:05:35,792 [Worker-5: Building] WARN  o.e.m.c.i.embedder.EclipseLogger - Using platform encoding (Cp1252 actually) to copy filtered resources, i.e. build is platform dependent!
2021-01-08 21:05:35,871 [Worker-5: Building] INFO  o.e.m.c.i.embedder.EclipseLogger - skip non existing resourceDirectory C:\Users\Sebastian Beattie\Documents\HOME\Programming Projects\BaristaGerald\src\test\resources
2021-01-08 21:06:57,439 [Worker-8: Building] WARN  o.e.m.c.i.embedder.EclipseLogger - Using platform encoding (Cp1252 actually) to copy filtered resources, i.e. build is platform dependent!
2021-01-08 21:06:57,444 [Worker-8: Building] INFO  o.e.m.c.i.embedder.EclipseLogger - skip non existing resourceDirectory C:\Users\Sebastian Beattie\Documents\HOME\Programming Projects\BaristaGerald\src\main\resources
2021-01-08 21:06:57,448 [Worker-8: Building] WARN  o.e.m.c.i.embedder.EclipseLogger - Using platform encoding (Cp1252 actually) to copy filtered resources, i.e. build is platform dependent!
2021-01-08 21:06:57,454 [Worker-8: Building] INFO  o.e.m.c.i.embedder.EclipseLogger - skip non existing resourceDirectory C:\Users\Sebastian Beattie\Documents\HOME\Programming Projects\BaristaGerald\src\test\resources
2021-01-08 21:07:17,317 [Worker-17: Building] WARN  o.e.m.c.i.embedder.EclipseLogger - Using platform encoding (Cp1252 actually) to copy filtered resources, i.e. build is platform dependent!
2021-01-08 21:07:17,321 [Worker-17: Building] INFO  o.e.m.c.i.embedder.EclipseLogger - skip non existing resourceDirectory C:\Users\Sebastian Beattie\Documents\HOME\Programming Projects\BaristaGerald\src\main\resources
2021-01-08 21:07:17,324 [Worker-17: Building] WARN  o.e.m.c.i.embedder.EclipseLogger - Using platform encoding (Cp1252 actually) to copy filtered resources, i.e. build is platform dependent!
2021-01-08 21:07:17,328 [Worker-17: Building] INFO  o.e.m.c.i.embedder.EclipseLogger - skip non existing resourceDirectory C:\Users\Sebastian Beattie\Documents\HOME\Programming Projects\BaristaGerald\src\test\resources
2021-01-08 21:08:38,589 [Worker-1: Building] WARN  o.e.m.c.i.embedder.EclipseLogger - Using platform encoding (Cp1252 actually) to copy filtered resources, i.e. build is platform dependent!
2021-01-08 21:08:38,595 [Worker-1: Building] INFO  o.e.m.c.i.embedder.EclipseLogger - skip non existing resourceDirectory C:\Users\Sebastian Beattie\Documents\HOME\Programming Projects\BaristaGerald\src\main\resources
2021-01-08 21:08:38,597 [Worker-1: Building] WARN  o.e.m.c.i.embedder.EclipseLogger - Using platform encoding (Cp1252 actually) to copy filtered resources, i.e. build is platform dependent!
2021-01-08 21:08:38,601 [Worker-1: Building] INFO  o.e.m.c.i.embedder.EclipseLogger - skip non existing resourceDirectory C:\Users\Sebastian Beattie\Documents\HOME\Programming Projects\BaristaGerald\src\test\resources
